0 info it worked if it ends with ok
1 verbose cli [ '/Users/njucong/nvm/versions/node/v4.4.0/bin/node',
1 verbose cli   '/Users/njucong/nvm/versions/node/v4.4.0/bin/npm',
1 verbose cli   'run',
1 verbose cli   'watch-css' ]
2 info using npm@3.9.0
3 info using node@v4.4.0
4 verbose run-script [ 'prewatch-css', 'watch-css', 'postwatch-css' ]
5 info lifecycle react-login-authentication@0.0.1~prewatch-css: react-login-authentication@0.0.1
6 silly lifecycle react-login-authentication@0.0.1~prewatch-css: no script for prewatch-css, continuing
7 info lifecycle react-login-authentication@0.0.1~watch-css: react-login-authentication@0.0.1
8 verbose lifecycle react-login-authentication@0.0.1~watch-css: unsafe-perm in lifecycle true
9 verbose lifecycle react-login-authentication@0.0.1~watch-css: PATH: /Users/njucong/nvm/versions/node/v4.4.0/lib/node_modules/npm/bin/node-gyp-bin:/Users/njucong/dcos/dcos-auth/node_modules/.bin:/Users/njucong/nvm/versions/node/v4.4.0/bin:/Users/njucong/nvm/versions/node/v4.4.0/lib/node_modules/npm/bin/node-gyp-bin:/Users/njucong/dcos/dcos-auth/node_modules/.bin:/Users/njucong/nvm/versions/node/v4.4.0/bin:/Users/njucong/nvm/versions/node/v4.4.0/bin:/Users/njucong/.sdkman/candidates/springboot/current/bin:/usr/local/bin:/usr/bin:/bin:/usr/sbin:/sbin
10 verbose lifecycle react-login-authentication@0.0.1~watch-css: CWD: /Users/njucong/dcos/dcos-auth
11 silly lifecycle react-login-authentication@0.0.1~watch-css: Args: [ '-c',
11 silly lifecycle   'nodemon -e css --ignore public/app.css --exec \'rework-npm index.css -o public/app.css\'' ]
12 silly lifecycle react-login-authentication@0.0.1~watch-css: Returned: code: 1  signal: null
13 info lifecycle react-login-authentication@0.0.1~watch-css: Failed to exec watch-css script
14 verbose stack Error: react-login-authentication@0.0.1 watch-css: `nodemon -e css --ignore public/app.css --exec 'rework-npm index.css -o public/app.css'`
14 verbose stack Exit status 1
14 verbose stack     at EventEmitter.<anonymous> (/Users/njucong/nvm/versions/node/v4.4.0/lib/node_modules/npm/lib/utils/lifecycle.js:245:16)
14 verbose stack     at emitTwo (events.js:87:13)
14 verbose stack     at EventEmitter.emit (events.js:172:7)
14 verbose stack     at ChildProcess.<anonymous> (/Users/njucong/nvm/versions/node/v4.4.0/lib/node_modules/npm/lib/utils/spawn.js:24:14)
14 verbose stack     at emitTwo (events.js:87:13)
14 verbose stack     at ChildProcess.emit (events.js:172:7)
14 verbose stack     at maybeClose (internal/child_process.js:827:16)
14 verbose stack     at Process.ChildProcess._handle.onexit (internal/child_process.js:211:5)
15 verbose pkgid react-login-authentication@0.0.1
16 verbose cwd /Users/njucong/dcos/dcos-auth
17 error Darwin 16.7.0
18 error argv "/Users/njucong/nvm/versions/node/v4.4.0/bin/node" "/Users/njucong/nvm/versions/node/v4.4.0/bin/npm" "run" "watch-css"
19 error node v4.4.0
20 error npm  v3.9.0
21 error code ELIFECYCLE
22 error react-login-authentication@0.0.1 watch-css: `nodemon -e css --ignore public/app.css --exec 'rework-npm index.css -o public/app.css'`
22 error Exit status 1
23 error Failed at the react-login-authentication@0.0.1 watch-css script 'nodemon -e css --ignore public/app.css --exec 'rework-npm index.css -o public/app.css''.
23 error Make sure you have the latest version of node.js and npm installed.
23 error If you do, this is most likely a problem with the react-login-authentication package,
23 error not with npm itself.
23 error Tell the author that this fails on your system:
23 error     nodemon -e css --ignore public/app.css --exec 'rework-npm index.css -o public/app.css'
23 error You can get information on how to open an issue for this project with:
23 error     npm bugs react-login-authentication
23 error Or if that isn't available, you can get their info via:
23 error     npm owner ls react-login-authentication
23 error There is likely additional logging output above.
24 verbose exit [ 1, true ]
